# JRE version: Java(TM) SE Runtime Environment (20.0+36) (build 20+36-2344)
# Java VM: Java HotSpot(TM) 64-Bit Server VM (20+36-2344, mixed mode, sharing, tiered, compressed oops, compressed class ptrs, g1 gc, windows-amd64)
GC Precious Log:
 CardTable entry size: 512
 Card Set container configuration: InlinePtr #cards 5 size 8 Array Of Cards #cards 12 size 40 Howl #buckets 4 coarsen threshold 1843 Howl Bitmap #cards 512 size 80 coarsen threshold 460 Card regions per heap region 1 cards per card region 2048
 CPUs: 8 total, 8 available
 Memory: 8046M
 Large Page Support: Disabled
 NUMA Support: Disabled
 Compressed Oops: Enabled (32-bit)
 Heap Region Size: 1M
 Heap Min Capacity: 8M
 Heap Initial Capacity: 126M
 Heap Max Capacity: 2012M
 Pre-touch: Disabled
 Parallel Workers: 8
 Concurrent Workers: 2
 Concurrent Refinement Workers: 8
 Periodic GC: Disabled
Heap:
 garbage-first heap   total 119808K, used 81863K [0x0000000082400000, 0x0000000100000000)
  region size 1024K, 53 young (54272K), 5 survivors (5120K)
 Metaspace       used 56190K, committed 56640K, reserved 1114112K
  class space    used 7423K, committed 7616K, reserved 1048576K
GC Heap History (20 events):
Event: 1.900 GC heap before
{Heap before GC invocations=1 (full 0):
 garbage-first heap   total 129024K, used 34645K [0x0000000082400000, 0x0000000100000000)
  region size 1024K, 26 young (26624K), 3 survivors (3072K)
 Metaspace       used 12256K, committed 12480K, reserved 1114112K
  class space    used 1530K, committed 1664K, reserved 1048576K
}
Event: 1.907 GC heap after
{Heap after GC invocations=2 (full 0):
 garbage-first heap   total 129024K, used 13454K [0x0000000082400000, 0x0000000100000000)
  region size 1024K, 3 young (3072K), 3 survivors (3072K)
 Metaspace       used 12256K, committed 12480K, reserved 1114112K
  class space    used 1530K, committed 1664K, reserved 1048576K
}
Event: 2.606 GC heap before
{Heap before GC invocations=2 (full 0):
 garbage-first heap   total 129024K, used 58510K [0x0000000082400000, 0x0000000100000000)
  region size 1024K, 48 young (49152K), 3 survivors (3072K)
 Metaspace       used 19377K, committed 19648K, reserved 1114112K
  class space    used 2658K, committed 2752K, reserved 1048576K
}
Event: 2.612 GC heap after
{Heap after GC invocations=3 (full 0):
 garbage-first heap   total 129024K, used 16681K [0x0000000082400000, 0x0000000100000000)
  region size 1024K, 6 young (6144K), 6 survivors (6144K)
 Metaspace       used 19377K, committed 19648K, reserved 1114112K
  class space    used 2658K, committed 2752K, reserved 1048576K
}
Event: 2.861 GC heap before
{Heap before GC invocations=3 (full 0):
 garbage-first heap   total 129024K, used 106793K [0x0000000082400000, 0x0000000100000000)
  region size 1024K, 75 young (76800K), 6 survivors (6144K)
 Metaspace       used 20417K, committed 20672K, reserved 1114112K
  class space    used 2758K, committed 2880K, reserved 1048576K
}
Event: 2.874 GC heap after
{Heap after GC invocations=4 (full 0):
 garbage-first heap   total 129024K, used 27705K [0x0000000082400000, 0x0000000100000000)
  region size 1024K, 10 young (10240K), 10 survivors (10240K)
 Metaspace       used 20417K, committed 20672K, reserved 1114112K
  class space    used 2758K, committed 2880K, reserved 1048576K
}
Event: 2.977 GC heap before
{Heap before GC invocations=4 (full 0):
 garbage-first heap   total 129024K, used 44089K [0x0000000082400000, 0x0000000100000000)
  region size 1024K, 27 young (27648K), 10 survivors (10240K)
 Metaspace       used 21250K, committed 21504K, reserved 1114112K
  class space    used 2900K, committed 3008K, reserved 1048576K
}
Event: 2.984 GC heap after
{Heap after GC invocations=5 (full 0):
 garbage-first heap   total 129024K, used 30909K [0x0000000082400000, 0x0000000100000000)
  region size 1024K, 4 young (4096K), 4 survivors (4096K)
 Metaspace       used 21250K, committed 21504K, reserved 1114112K
  class space    used 2900K, committed 3008K, reserved 1048576K
}
Event: 3.844 GC heap before
{Heap before GC invocations=6 (full 0):
 garbage-first heap   total 119808K, used 93373K [0x0000000082400000, 0x0000000100000000)
  region size 1024K, 66 young (67584K), 4 survivors (4096K)
 Metaspace       used 30015K, committed 30400K, reserved 1114112K
  class space    used 4367K, committed 4544K, reserved 1048576K
}
Event: 3.849 GC heap after
{Heap after GC invocations=7 (full 0):
 garbage-first heap   total 119808K, used 31951K [0x0000000082400000, 0x0000000100000000)
  region size 1024K, 5 young (5120K), 5 survivors (5120K)
 Metaspace       used 30015K, committed 30400K, reserved 1114112K
  class space    used 4367K, committed 4544K, reserved 1048576K
}
Event: 4.217 GC heap before
{Heap before GC invocations=7 (full 0):
 garbage-first heap   total 119808K, used 71887K [0x0000000082400000, 0x0000000100000000)
  region size 1024K, 45 young (46080K), 5 survivors (5120K)
 Metaspace       used 36102K, committed 36416K, reserved 1114112K
  class space    used 4983K, committed 5120K, reserved 1048576K
}
Event: 4.221 GC heap after
{Heap after GC invocations=8 (full 0):
 garbage-first heap   total 119808K, used 31025K [0x0000000082400000, 0x0000000100000000)
  region size 1024K, 5 young (5120K), 5 survivors (5120K)
 Metaspace       used 36102K, committed 36416K, reserved 1114112K
  class space    used 4983K, committed 5120K, reserved 1048576K
}
Event: 4.260 GC heap before
{Heap before GC invocations=8 (full 0):
 garbage-first heap   total 119808K, used 39217K [0x0000000082400000, 0x0000000100000000)
  region size 1024K, 14 young (14336K), 5 survivors (5120K)
 Metaspace       used 36414K, committed 36736K, reserved 1114112K
  class space    used 5026K, committed 5120K, reserved 1048576K
}
Event: 4.265 GC heap after
{Heap after GC invocations=9 (full 0):
 garbage-first heap   total 119808K, used 32420K [0x0000000082400000, 0x0000000100000000)
  region size 1024K, 6 young (6144K), 6 survivors (6144K)
 Metaspace       used 36414K, committed 36736K, reserved 1114112K
  class space    used 5026K, committed 5120K, reserved 1048576K
}
Event: 5.000 GC heap before
{Heap before GC invocations=10 (full 0):
 garbage-first heap   total 119808K, used 100582K [0x0000000082400000, 0x0000000100000000)
  region size 1024K, 69 young (70656K), 6 survivors (6144K)
 Metaspace       used 42794K, committed 43200K, reserved 1114112K
  class space    used 5796K, committed 5952K, reserved 1048576K
}
Event: 5.007 GC heap after
{Heap after GC invocations=11 (full 0):
 garbage-first heap   total 119808K, used 37931K [0x0000000082400000, 0x0000000100000000)
  region size 1024K, 6 young (6144K), 6 survivors (6144K)
 Metaspace       used 42794K, committed 43200K, reserved 1114112K
  class space    used 5796K, committed 5952K, reserved 1048576K
}
Event: 8.733 GC heap before
{Heap before GC invocations=11 (full 0):
 garbage-first heap   total 119808K, used 98347K [0x0000000082400000, 0x0000000100000000)
  region size 1024K, 66 young (67584K), 6 survivors (6144K)
 Metaspace       used 51795K, committed 52288K, reserved 1114112K
  class space    used 6913K, committed 7104K, reserved 1048576K
}
Event: 8.743 GC heap after
{Heap after GC invocations=12 (full 0):
 garbage-first heap   total 119808K, used 32884K [0x0000000082400000, 0x0000000100000000)
  region size 1024K, 7 young (7168K), 7 survivors (7168K)
 Metaspace       used 51795K, committed 52288K, reserved 1114112K
  class space    used 6913K, committed 7104K, reserved 1048576K
}
Event: 12.701 GC heap before
{Heap before GC invocations=12 (full 0):
 garbage-first heap   total 119808K, used 96372K [0x0000000082400000, 0x0000000100000000)
  region size 1024K, 70 young (71680K), 7 survivors (7168K)
 Metaspace       used 55986K, committed 56448K, reserved 1114112K
  class space    used 7415K, committed 7616K, reserved 1048576K
}
Event: 12.709 GC heap after
{Heap after GC invocations=13 (full 0):
 garbage-first heap   total 119808K, used 33735K [0x0000000082400000, 0x0000000100000000)
  region size 1024K, 5 young (5120K), 5 survivors (5120K)
 Metaspace       used 55986K, committed 56448K, reserved 1114112K
  class space    used 7415K, committed 7616K, reserved 1048576K
}

